<?xml version="1.0" encoding="ISO-8859-1"?>
<beans xmlns="http://www.springframework.org/schema/beans"
	xmlns:xsi="http://www.w3.org/2001/XMLSchema-instance" xmlns:util="http://www.springframework.org/schema/util"
	xmlns:context="http://www.springframework.org/schema/context"
	xmlns:jee="http://www.springframework.org/schema/jee"
	xsi:schemaLocation="http://www.springframework.org/schema/beans http://www.springframework.org/schema/beans/spring-beans-2.5.xsd
                           http://www.springframework.org/schema/context http://www.springframework.org/schema/context/spring-context-2.5.xsd
                           http://www.springframework.org/schema/util http://www.springframework.org/schema/util/spring-util-2.5.xsd
                           http://www.springframework.org/schema/aop http://www.springframework.org/schema/aop/spring-aop-2.5.xsd">
                      
	<import resource="beans.xml"/>
                      
	<bean name="psico1_1" class="br.com.danielhabib.core.component.Psico" parent="basePsico">
		<property name="levelParser" ref="level1_1Parser"/>
	</bean>
	<bean name="psico1_2" class="br.com.danielhabib.core.component.Psico" parent="basePsico">
		<property name="levelParser" ref="level1_2Parser"/>
	</bean>
	<bean name="psico1_3" class="br.com.danielhabib.core.component.Psico" parent="basePsico">
		<property name="levelParser" ref="level1_3Parser"/>
	</bean>
	<bean name="psico_dw" class="br.com.danielhabib.core.component.Psico" parent="basePsico">
		<property name="levelParser" ref="drawingParser"/>
	</bean>
	<bean name="psico_lt1" class="br.com.danielhabib.core.component.Psico" parent="basePsico">
		<property name="levelParser" ref="levelTransition1"/>
	</bean>
	<bean name="psico_lt2" class="br.com.danielhabib.core.component.Psico" parent="basePsico">
		<property name="levelParser" ref="levelTransition2"/>
	</bean>
	<bean name="psico_a1" class="br.com.danielhabib.core.component.Psico" parent="basePsico">
		<property name="levelParser" ref="acceptance1Parser"/>
	</bean>
	<bean name="psico_a2" class="br.com.danielhabib.core.component.Psico" parent="basePsico">
		<property name="levelParser" ref="acceptance2Parser"/>
	</bean>
                      
	<!-- LevelParser -->
	<bean name="level1_1Parser" class="br.com.danielhabib.core.builder.LevelParser" init-method="build">
		<property name="file" ref="level1_1" />
		<property name="componentBuilder" ref="componentBuilder"/>
		<property name="psico" ref="psico1_1"/>
	</bean>
	<bean name="level1_2Parser" class="br.com.danielhabib.core.builder.LevelParser" init-method="build">
		<property name="file" ref="level1_2" />
		<property name="componentBuilder" ref="componentBuilder"/>
		<property name="psico" ref="psico1_2"/>
	</bean>
	<bean name="level1_3Parser" class="br.com.danielhabib.core.builder.LevelParser" init-method="build">
		<property name="file" ref="level1_3" />
		<property name="componentBuilder" ref="componentBuilder"/>
		<property name="psico" ref="psico1_3"/>
	</bean>
	<bean name="drawingParser" class="br.com.danielhabib.core.builder.LevelParser" init-method="build">
		<property name="file" ref="drawing" />
		<property name="componentBuilder" ref="componentBuilder"/>
		<property name="psico" ref="psico_dw"/>
	</bean>
	<bean name="levelTransition1" class="br.com.danielhabib.core.builder.LevelParser" init-method="build">
		<property name="file" ref="lt1" />
		<property name="componentBuilder" ref="componentBuilder"/>
		<property name="psico" ref="psico_lt1"/>
	</bean>
	<bean name="levelTransition2" class="br.com.danielhabib.core.builder.LevelParser" init-method="build">
		<property name="file" ref="lt2" />
		<property name="componentBuilder" ref="componentBuilder"/>
		<property name="psico" ref="psico_lt2"/>
	</bean>	
	<bean name="acceptance1Parser" class="br.com.danielhabib.core.builder.LevelParser" init-method="build">
		<property name="file" ref="acceptance1" />
		<property name="componentBuilder" ref="componentBuilder"/>
		<property name="psico" ref="psico_a1"/>
	</bean>	
	<bean name="acceptance2Parser" class="br.com.danielhabib.core.builder.LevelParser" init-method="build">
		<property name="file" ref="acceptance2" />
		<property name="componentBuilder" ref="componentBuilder"/>
		<property name="psico" ref="psico_a2"/>
	</bean>			
	
	<bean name="level1_1" class="java.io.File"><constructor-arg value="test-levels/level_1_1.txt"/></bean>
	<bean name="level1_2" class="java.io.File"><constructor-arg value="test-levels/level_1_2.txt"/></bean>
	<bean name="level1_3" class="java.io.File"><constructor-arg value="test-levels/level_1_3.txt"/></bean>
	<bean name="drawing" class="java.io.File"><constructor-arg value="test-levels/drawing.txt"/></bean>
	<bean name="lt1" class="java.io.File"><constructor-arg value="test-levels/lt1.txt"/></bean>
	<bean name="lt2" class="java.io.File"><constructor-arg value="test-levels/lt2.txt"/></bean>
	<bean name="acceptance1" class="java.io.File"><constructor-arg value="test-levels/at1.txt"/></bean>
	<bean name="acceptance2" class="java.io.File"><constructor-arg value="test-levels/at2.txt"/></bean>
	
</beans>